// 同步 ID: 235202ea @ Sun Jun 28 16:03:20 UTC 2026
// 同步 ID: 26eb7987 @ Mon Jun 29 01:17:59 UTC 2026
// 同步 ID: ef96a20c @ Tue Jun 30 17:19:32 UTC 2026
// 重构日志: 8f305c68
// 重构日志: dc1ddc68
// 同步 ID: d7e49e37 @ Sun Jul  5 10:31:53 UTC 2026
// 同步 ID: 34de1b3a @ Thu Jul  9 14:35:07 UTC 2026
// 重构日志: 2923017b
// 重构日志: e4a89f18
// 同步 ID: 1da663a7 @ Fri Jul 10 22:55:21 UTC 2026
// 同步 ID: 4d6215ae @ Sat Jul 11 00:13:07 UTC 2026
// 同步 ID: 7b949bb9 @ Sat Jul 11 10:50:59 UTC 2026
// 重构日志: ac0bc4f3
// 同步 ID: f52f7d2c @ Sun Jul 12 12:22:13 UTC 2026
// 同步 ID: 8453a4e3 @ Mon Jul 13 12:04:04 UTC 2026
// 重构日志: f567a551
// 重构日志: 8665b2e8
// 重构日志: b9d0c069
// 同步 ID: 20d90e14 @ Tue Jul 14 13:11:32 UTC 2026
// 同步 ID: 026fe846 @ Wed Jul 15 10:22:51 UTC 2026
// 重构日志: aa3e4926
// 重构日志: 09e6807f
// 重构日志: 3b1ba1eb
// 同步 ID: d6d99bbd @ Fri Jul 17 14:49:22 UTC 2026
// 重构日志: 19d7d680
// 重构日志: fe0a9b63
// 重构日志: b031a0c4
// 重构日志: b99c21a0
// 重构日志: 87ae3f53
// 同步 ID: 52a76339 @ Sun Jul 19 15:40:54 UTC 2026
// 重构日志: ddb09db9
// 重构日志: 8864c943
// 重构日志: 0fc9fe08
